<?xml version="1.0" encoding="UTF-8"?>
<!-- Generated by org.testng.reporters.JUnitReportReporter -->
<testsuite skipped="0" hostname="CDC2-L-71731JB" name="CucumberDemo.CucumberDemo1.DemoLogin" tests="1" failures="0" timestamp="26 Jun 2018 06:17:32 GMT" time="8.005" errors="0">
  <testcase name="f" time="8.005" classname="CucumberDemo.CucumberDemo1.DemoLogin"/>
</testsuite> <!-- CucumberDemo.CucumberDemo1.DemoLogin -->
